<?xml version="1.0" encoding="UTF-8"?>
<coverage generated="1588235047651" clover="3.2.0">
  <project timestamp="1588235047651" name="All files">
    <metrics statements="47" coveredstatements="36" conditionals="4" coveredconditionals="3" methods="26" coveredmethods="19" elements="77" coveredelements="58" complexity="0" loc="47" ncloc="47" packages="2" files="4" classes="4"/>
    <package name="components">
      <metrics statements="31" coveredstatements="26" conditionals="4" coveredconditionals="3" methods="22" coveredmethods="16"/>
      <file name="AllShows.vue" path="C:\Users\rahjogda\Assessment\tvshows\src\components\AllShows.vue">
        <metrics statements="13" coveredstatements="12" conditionals="4" coveredconditionals="3" methods="6" coveredmethods="4"/>
        <line num="30" count="1" type="stmt"/>
        <line num="35" count="5" type="stmt"/>
        <line num="44" count="5" type="stmt"/>
        <line num="48" count="6" type="stmt"/>
        <line num="50" count="0" type="stmt"/>
        <line num="57" count="2" type="stmt"/>
        <line num="58" count="2" type="stmt"/>
        <line num="60" count="2" type="stmt"/>
        <line num="61" count="2" type="cond" truecount="2" falsecount="0"/>
        <line num="62" count="1" type="stmt"/>
        <line num="63" count="1" type="cond" truecount="1" falsecount="1"/>
        <line num="64" count="1" type="stmt"/>
        <line num="66" count="2" type="stmt"/>
      </file>
      <file name="appHeader.vue" path="C:\Users\rahjogda\Assessment\tvshows\src\components\appHeader.vue">
        <metrics statements="18" coveredstatements="14" conditionals="0" coveredconditionals="0" methods="16" coveredmethods="12"/>
        <line num="33" count="1" type="stmt"/>
        <line num="39" count="9" type="stmt"/>
        <line num="52" count="1" type="stmt"/>
        <line num="55" count="1" type="stmt"/>
        <line num="59" count="9" type="stmt"/>
        <line num="63" count="2" type="stmt"/>
        <line num="64" count="2" type="stmt"/>
        <line num="65" count="2" type="stmt"/>
        <line num="66" count="1" type="stmt"/>
        <line num="68" count="0" type="stmt"/>
        <line num="69" count="0" type="stmt"/>
        <line num="70" count="0" type="stmt"/>
        <line num="76" count="10" type="stmt"/>
        <line num="77" count="2" type="stmt"/>
        <line num="83" count="0" type="stmt"/>
        <line num="86" count="2" type="stmt"/>
        <line num="87" count="1" type="stmt"/>
        <line num="88" count="1" type="stmt"/>
      </file>
    </package>
    <package name="services">
      <metrics statements="16" coveredstatements="10" conditionals="0" coveredconditionals="0" methods="4" coveredmethods="3"/>
      <file name="common-api.js" path="C:\Users\rahjogda\Assessment\tvshows\src\services\common-api.js">
        <metrics statements="3" coveredstatements="3" conditionals="0" coveredconditionals="0" methods="0" coveredmethods="0"/>
        <line num="4" count="2" type="stmt"/>
        <line num="10" count="2" type="stmt"/>
        <line num="22" count="2" type="stmt"/>
      </file>
      <file name="tv-maze-api.js" path="C:\Users\rahjogda\Assessment\tvshows\src\services\tv-maze-api.js">
        <metrics statements="13" coveredstatements="7" conditionals="0" coveredconditionals="0" methods="4" coveredmethods="3"/>
        <line num="5" count="2" type="stmt"/>
        <line num="6" count="1" type="stmt"/>
        <line num="7" count="0" type="stmt"/>
        <line num="10" count="2" type="stmt"/>
        <line num="11" count="14" type="stmt"/>
        <line num="12" count="0" type="stmt"/>
        <line num="16" count="2" type="stmt"/>
        <line num="17" count="0" type="stmt"/>
        <line num="18" count="0" type="stmt"/>
        <line num="19" count="0" type="stmt"/>
        <line num="22" count="2" type="stmt"/>
        <line num="23" count="1" type="stmt"/>
        <line num="24" count="0" type="stmt"/>
      </file>
    </package>
  </project>
</coverage>
