TN:
SF:C:\Users\rahjogda\Assessment\tvshows\src\components\AllShows.vue
FN:34,(anonymous_1)
FN:43,(anonymous_2)
FN:47,(anonymous_3)
FN:48,(anonymous_4)
FN:51,(anonymous_5)
FN:55,(anonymous_7)
FNF:6
FNH:4
FNDA:5,(anonymous_1)
FNDA:5,(anonymous_2)
FNDA:6,(anonymous_3)
FNDA:0,(anonymous_4)
FNDA:0,(anonymous_5)
FNDA:2,(anonymous_7)
DA:30,1
DA:35,5
DA:44,5
DA:48,6
DA:50,0
DA:57,2
DA:58,2
DA:60,2
DA:61,2
DA:62,1
DA:63,1
DA:64,1
DA:66,2
LF:13
LH:12
BRDA:61,0,0,1
BRDA:61,0,1,1
BRDA:63,1,0,1
BRDA:63,1,1,0
BRF:4
BRH:3
end_of_record
TN:
SF:C:\Users\rahjogda\Assessment\tvshows\src\components\appHeader.vue
FN:38,(anonymous_1)
FN:51,(anonymous_2)
FN:54,(anonymous_3)
FN:58,(anonymous_4)
FN:62,(anonymous_5)
FN:65,(anonymous_6)
FN:66,(anonymous_7)
FN:69,(anonymous_8)
FN:70,(anonymous_9)
FN:75,(anonymous_11)
FN:76,(anonymous_12)
FN:78,(anonymous_13)
FN:82,(anonymous_15)
FN:85,(anonymous_16)
FN:86,(anonymous_17)
FN:92,(anonymous_18)
FNF:16
FNH:12
FNDA:9,(anonymous_1)
FNDA:1,(anonymous_2)
FNDA:1,(anonymous_3)
FNDA:9,(anonymous_4)
FNDA:2,(anonymous_5)
FNDA:1,(anonymous_6)
FNDA:0,(anonymous_7)
FNDA:0,(anonymous_8)
FNDA:0,(anonymous_9)
FNDA:10,(anonymous_11)
FNDA:2,(anonymous_12)
FNDA:2,(anonymous_13)
FNDA:0,(anonymous_15)
FNDA:2,(anonymous_16)
FNDA:1,(anonymous_17)
FNDA:2,(anonymous_18)
DA:33,1
DA:39,9
DA:52,1
DA:55,1
DA:59,9
DA:63,2
DA:64,2
DA:65,2
DA:66,1
DA:68,0
DA:69,0
DA:70,0
DA:76,10
DA:77,2
DA:83,0
DA:86,2
DA:87,1
DA:88,1
LF:18
LH:14
BRF:0
BRH:0
end_of_record
TN:
SF:C:\Users\rahjogda\Assessment\tvshows\src\services\common-api.js
FNF:0
FNH:0
DA:4,2
DA:10,2
DA:22,2
LF:3
LH:3
BRF:0
BRH:0
end_of_record
TN:
SF:C:\Users\rahjogda\Assessment\tvshows\src\services\tv-maze-api.js
FN:5,(anonymous_0)
FN:10,(anonymous_1)
FN:16,(anonymous_2)
FN:22,(anonymous_3)
FNF:4
FNH:3
FNDA:1,(anonymous_0)
FNDA:14,(anonymous_1)
FNDA:0,(anonymous_2)
FNDA:1,(anonymous_3)
DA:5,2
DA:6,1
DA:7,0
DA:10,2
DA:11,14
DA:12,0
DA:16,2
DA:17,0
DA:18,0
DA:19,0
DA:22,2
DA:23,1
DA:24,0
LF:13
LH:7
BRF:0
BRH:0
end_of_record
